<?xml version="1.0" encoding="UTF-8"?>
<beans xmlns="http://www.springframework.org/schema/beans" xmlns:xsi="http://www.w3.org/2001/XMLSchema-instance"
    xmlns:context="http://www.springframework.org/schema/context"
    xsi:schemaLocation="http://www.springframework.org/schema/beans http://www.springframework.org/schema/beans/spring-beans-3.2.xsd
      http://www.springframework.org/schema/context http://www.springframework.org/schema/context/spring-context-3.2.xsd"
  default-autowire="no">

  <context:property-placeholder location="classpath:onyx.properties" ignore-unresolvable="true"/>

  <import resource="test-hibernate-config.xml" />

  <bean id="participantReader" class="org.obiba.onyx.core.etl.participant.impl.ParticipantReader"
    scope="prototype">
    <property name="participantMetadata" ref="participantMetadata" />
    <property name="sheetNumber" value="1" />
    <property name="headerRowNumber" value="2" />
    <property name="firstDataRowNumber" value="3" />
    <property name="columnNameToAttributeNameMap">
      <map>
        <entry key="Participant ID">
          <value>Enrollment ID</value>
        </entry>
        <entry key="Sex">
          <value>Gender</value>
        </entry>
        <entry key="Appointment date/time">
          <value>Appointment Time</value>
        </entry>
      </map>
    </property>
  </bean>

  <bean id="stageOrderingStrategy" class="org.obiba.onyx.engine.StaticStageOrderingStrategy">
    <property name="stageOrdering" value="" />
  </bean>

  <bean id="userSessionService" class="org.obiba.onyx.core.service.impl.UserSessionServiceBeanImpl"/>
    
  <bean id="participantMetadata" class="org.obiba.onyx.core.domain.participant.ParticipantMetadata">
    <property name="participantIdPattern" value=".*" />
    <property name="onyxConfigPath" value="${org.obiba.onyx.config.path}" />
    <property name="supportedRecruitmentTypesString" value="${org.obiba.onyx.supportedRecruitmentTypes}" />
  </bean>
  
  <bean id="onyxDataExportDestinations" class="org.obiba.onyx.engine.variable.export.OnyxDataExportFactoryBean">
    <property name="destinationsResource" value="${org.obiba.onyx.config.path}/export-destinations.xml" />
  </bean>
  
  <bean id="participantService"
    class="org.obiba.onyx.core.service.impl.hibernate.ParticipantServiceHibernateImpl" scope="singleton">
    <property name="moduleRegistry" ref="moduleRegistry" />
    <property name="sessionFactory" ref="sessionFactory" />
    <property name="persistenceManager" ref="persistenceManager" />
  </bean>  
  
  <bean id="moduleRegistry" class="org.obiba.onyx.engine.ModuleRegistry">
    <property name="stageOrderingStrategy" ref="stageOrderingStrategy" />
  </bean>  
  
  <bean id="userService"
    class="org.obiba.onyx.core.service.impl.hibernate.UserServiceHibernateImpl" scope="singleton">
    <property name="sessionFactory" ref="sessionFactory" />
    <property name="persistenceManager" ref="persistenceManager" />
  </bean>  
  
  <bean id="stageExecutionContext" class="org.obiba.onyx.engine.state.StageExecutionContext" scope="prototype">
    <property name="persistenceManager" ref="persistenceManager" />
    <property name="moduleRegistry" ref="moduleRegistry" />
    <property name="userSessionService" ref="userSessionService" />
  </bean>

  <!-- No-op post processor because Spring needs at least one -->
  <bean class="org.obiba.onyx.core.etl.participant.impl.NoOpInterviewPostProcessor"/>
    
</beans>
